2026-02-04 17:42:54,571 | INFO | churn_app | Starting model training pipeline...
2026-02-04 17:42:54,572 | ERROR | churn_app | Dataset not found at data/telco_customer_churn.csv
2026-02-04 17:42:54,572 | ERROR | churn_app | Data file not found. Please ensure data is available.
2026-02-04 17:44:06,099 | INFO | churn_app | Starting model training pipeline...
2026-02-04 17:44:06,110 | INFO | churn_app | Dataset loaded successfully with shape (100, 21)
2026-02-04 17:44:06,122 | INFO | churn_app | Categorical columns: ['gender', 'Partner', 'Dependents', 'PhoneService', 'MultipleLines', 'InternetService', 'OnlineSecurity', 'OnlineBackup', 'DeviceProtection', 'TechSupport', 'StreamingTV', 'StreamingMovies', 'Contract', 'PaperlessBilling', 'PaymentMethod']
2026-02-04 17:44:06,122 | INFO | churn_app | Numerical columns: ['SeniorCitizen', 'tenure', 'MonthlyCharges', 'TotalCharges']
2026-02-04 17:44:06,122 | INFO | churn_app | Training XGBoost model...
2026-02-04 17:44:06,323 | INFO | churn_app | Evaluating model...
2026-02-04 17:44:06,350 | INFO | churn_app | ROC-AUC Prediction: 0.4848
2026-02-04 17:44:06,357 | INFO | churn_app | 
Classification Report:
              precision    recall  f1-score   support

           0       0.58      0.64      0.61        11
           1       0.50      0.44      0.47         9

    accuracy                           0.55        20
   macro avg       0.54      0.54      0.54        20
weighted avg       0.55      0.55      0.55        20

2026-02-04 17:44:06,358 | INFO | churn_app | Saving model to models/churn_model.pkl
2026-02-04 17:44:33,004 | INFO | churn_app | Starting model training pipeline...
2026-02-04 17:44:33,011 | INFO | churn_app | Dataset loaded successfully with shape (100, 21)
2026-02-04 17:44:33,015 | INFO | churn_app | Categorical columns: ['gender', 'Partner', 'Dependents', 'PhoneService', 'MultipleLines', 'InternetService', 'OnlineSecurity', 'OnlineBackup', 'DeviceProtection', 'TechSupport', 'StreamingTV', 'StreamingMovies', 'Contract', 'PaperlessBilling', 'PaymentMethod']
2026-02-04 17:44:33,016 | INFO | churn_app | Numerical columns: ['SeniorCitizen', 'tenure', 'MonthlyCharges', 'TotalCharges']
2026-02-04 17:44:33,016 | INFO | churn_app | Training XGBoost model...
2026-02-04 17:44:33,171 | INFO | churn_app | Evaluating model...
2026-02-04 17:44:33,186 | INFO | churn_app | ROC-AUC Prediction: 0.4848
2026-02-04 17:44:33,197 | INFO | churn_app | 
Classification Report:
              precision    recall  f1-score   support

           0       0.58      0.64      0.61        11
           1       0.50      0.44      0.47         9

    accuracy                           0.55        20
   macro avg       0.54      0.54      0.54        20
weighted avg       0.55      0.55      0.55        20

2026-02-04 17:44:33,198 | INFO | churn_app | Saving model to models/churn_model.pkl
2026-02-04 17:44:53,316 | INFO | churn_app | Model loaded successfully.
2026-02-04 17:44:56,624 | INFO | churn_app | SHAP Explainer resources loaded.
2026-02-04 17:45:24,693 | INFO | churn_app | Received prediction request
2026-02-04 17:45:28,823 | INFO | churn_app | Running Retention Engine in Mock Mode (No API Key).
2026-02-04 17:45:34,694 | INFO | churn_app | Received prediction request
2026-02-04 17:45:38,811 | INFO | churn_app | Running Retention Engine in Mock Mode (No API Key).
2026-02-04 17:48:19,147 | INFO | churn_app | Model loaded successfully.
2026-02-04 17:48:20,851 | INFO | churn_app | SHAP Explainer resources loaded.
2026-02-04 17:49:52,928 | INFO | churn_app | Model loaded successfully.
2026-02-04 17:49:54,608 | INFO | churn_app | SHAP Explainer resources loaded.
2026-02-04 17:50:12,722 | INFO | churn_app | Received prediction request
2026-02-04 17:50:16,860 | INFO | churn_app | Running Retention Engine in Mock Mode (No API Key).
2026-02-04 17:50:54,924 | INFO | churn_app | Received prediction request
2026-02-04 17:50:59,055 | INFO | churn_app | Running Retention Engine in Mock Mode (No API Key).
2026-02-04 17:53:34,959 | INFO | churn_app | Model loaded successfully.
2026-02-04 17:53:36,511 | INFO | churn_app | SHAP Explainer resources loaded.
2026-02-04 17:56:14,844 | INFO | churn_app | Received prediction request
2026-02-04 17:56:18,326 | INFO | churn_app | Model loaded successfully.
2026-02-04 17:56:20,060 | INFO | churn_app | SHAP Explainer resources loaded.
2026-02-04 17:56:22,150 | INFO | churn_app | Running Retention Engine in Mock Mode (No API Key).
2026-02-04 17:58:35,468 | INFO | churn_app | Model loaded successfully.
2026-02-04 17:58:37,256 | INFO | churn_app | SHAP Explainer resources loaded.
2026-02-04 18:01:36,488 | INFO | churn_app | Model loaded successfully.
2026-02-04 18:01:38,263 | INFO | churn_app | SHAP Explainer resources loaded.
2026-02-04 18:01:54,084 | INFO | churn_app | Received prediction request
2026-02-04 18:01:58,291 | INFO | churn_app | Running Retention Engine in Mock Mode (No API Key).
2026-02-04 18:05:59,365 | INFO | churn_app | Received prediction request
2026-02-04 18:06:02,452 | INFO | churn_app | Model loaded successfully.
2026-02-04 18:06:04,154 | INFO | churn_app | SHAP Explainer resources loaded.
2026-02-04 18:06:07,253 | INFO | churn_app | Model loaded successfully.
2026-02-04 18:06:08,906 | INFO | churn_app | SHAP Explainer resources loaded.
2026-02-04 18:06:10,983 | INFO | churn_app | Running Retention Engine in Mock Mode (No API Key).
2026-02-04 18:11:10,805 | INFO | churn_app | Received prediction request
